<?xml version="1.0" encoding="UTF-8"?>
<testsuite xmlns:xsi="http://www.w3.org/2001/XMLSchema-instance" xsi:noNamespaceSchemaLocation="https://maven.apache.org/surefire/maven-surefire-plugin/xsd/surefire-test-report-3.0.xsd" version="3.0" name="com.orpheustaken.learning.LearningApplicationTests" time="6.355" tests="2" errors="0" skipped="0" failures="0">
  <properties>
[...]
</properties>
  <testcase name="index" classname="com.orpheustaken.learning.LearningApplicationTests" time="1.512">
    <system-out><![CDATA[19:56:18.036 [main] INFO org.springframework.test.context.support.AnnotationConfigContextLoaderUtils -- Could not detect default configuration classes for test class [com.orpheustaken.learning.LearningApplicationTests]: LearningApplicationTests does not declare any static, non-private, non-final, nested classes annotated with @Configuration.
19:56:18.202 [main] INFO org.springframework.boot.test.context.SpringBootTestContextBootstrapper -- Found @SpringBootConfiguration com.orpheustaken.learning.LearningApplication for test class com.orpheustaken.learning.LearningApplicationTests
  .   ____          _            __ _ _
 /\\ / ___'_ __ _ _(_)_ __  __ _ \ \ \ \
( ( )\___ | '_ | '_| | '_ \/ _` | \ \ \ \
 \\/  ___)| |_)| | | | | || (_| |  ) ) ) )
  '  |____| .__|_| |_|_| |_\__, | / / / /
 =========|_|==============|___/=/_/_/_/

 :: Spring Boot ::                (v3.3.0)

2024-05-31T19:56:18.847-03:00  INFO 108041 --- [learning] [           main] c.o.learning.LearningApplicationTests    : Starting LearningApplicationTests using Java 22 with PID 108041 (started by user in /home/user/Projects/spring-angular-learning/spring)
2024-05-31T19:56:18.850-03:00  INFO 108041 --- [learning] [           main] c.o.learning.LearningApplicationTests    : No active profile set, falling back to 1 default profile: "default"
2024-05-31T19:56:22.146-03:00  INFO 108041 --- [learning] [           main] o.s.b.t.m.w.SpringBootMockServletContext : Initializing Spring TestDispatcherServlet ''
2024-05-31T19:56:22.147-03:00  INFO 108041 --- [learning] [           main] o.s.t.web.servlet.TestDispatcherServlet  : Initializing Servlet ''
2024-05-31T19:56:22.185-03:00  INFO 108041 --- [learning] [           main] o.s.b.a.e.web.EndpointLinksResolver      : Exposing 1 endpoint beneath base path '/actuator'
2024-05-31T19:56:22.212-03:00  INFO 108041 --- [learning] [           main] o.s.t.web.servlet.TestDispatcherServlet  : Completed initialization in 62 ms
2024-05-31T19:56:22.360-03:00  INFO 108041 --- [learning] [           main] c.o.learning.LearningApplicationTests    : Started LearningApplicationTests in 3.963 seconds (process running for 5.368)
]]></system-out>
    <system-err><![CDATA[WARNING: A Java agent has been loaded dynamically (/home/user/.m2/repository/net/bytebuddy/byte-buddy-agent/1.14.16/byte-buddy-agent-1.14.16.jar)
WARNING: If a serviceability tool is in use, please run with -XX:+EnableDynamicAgentLoading to hide this warning
WARNING: If a serviceability tool is not in use, please run with -Djdk.instrument.traceUsage for more information
WARNING: Dynamic loading of agents will be disallowed by default in a future release
]]></system-err>
  </testcase>
  <testcase name="contextLoads" classname="com.orpheustaken.learning.LearningApplicationTests" time="0.006"/>
</testsuite>